c:\users\maria\desktop\gp\opengl.project1\opengl.project1\x64\debug\vc143.pdb
c:\users\maria\desktop\gp\opengl.project1\opengl.project1\x64\debug\vc143.idb
c:\users\maria\desktop\gp\opengl.project1\opengl.project1\x64\debug\shader.obj
c:\users\maria\desktop\gp\opengl.project1\opengl.project1\x64\debug\mesh.obj
c:\users\maria\desktop\gp\opengl.project1\opengl.project1\x64\debug\camera.obj
c:\users\maria\desktop\gp\opengl.project1\opengl.project1\x64\debug\model3d.obj
c:\users\maria\desktop\gp\opengl.project1\opengl.project1\x64\debug\main.obj
c:\users\maria\desktop\gp\opengl.project1\opengl.project1\x64\debug\tiny_obj_loader.obj
c:\users\maria\desktop\gp\opengl.project1\opengl.project1\x64\debug\stb_image.obj
c:\users\maria\desktop\gp\opengl.project1\x64\debug\opengl.project1.exe
c:\users\maria\desktop\gp\opengl.project1\x64\debug\opengl.project1.pdb
c:\users\maria\desktop\gp\opengl.project1\opengl.project1\x64\debug\opengl.project1.ilk
c:\users\maria\desktop\gp\opengl.project1\opengl.project1\x64\debug\opengl.project1.tlog\cl.command.1.tlog
c:\users\maria\desktop\gp\opengl.project1\opengl.project1\x64\debug\opengl.project1.tlog\cl.items.tlog
c:\users\maria\desktop\gp\opengl.project1\opengl.project1\x64\debug\opengl.project1.tlog\cl.read.1.tlog
c:\users\maria\desktop\gp\opengl.project1\opengl.project1\x64\debug\opengl.project1.tlog\cl.write.1.tlog
c:\users\maria\desktop\gp\opengl.project1\opengl.project1\x64\debug\opengl.project1.tlog\link.command.1.tlog
c:\users\maria\desktop\gp\opengl.project1\opengl.project1\x64\debug\opengl.project1.tlog\link.read.1.tlog
c:\users\maria\desktop\gp\opengl.project1\opengl.project1\x64\debug\opengl.project1.tlog\link.secondary.1.tlog
c:\users\maria\desktop\gp\opengl.project1\opengl.project1\x64\debug\opengl.project1.tlog\link.write.1.tlog
